{
  "RSpec": {
    "coverage": {
      "/Users/ryancanton/Documents/Turing/1_mod/solo_projects/enigma/lib/enigma.rb": {
        "lines": [
          1,
          null,
          1,
          null,
          null,
          null,
          null,
          1,
          13,
          13,
          13,
          13,
          null,
          null,
          1,
          19,
          78,
          null,
          null,
          19,
          null,
          null,
          null,
          null,
          null,
          null,
          null,
          1,
          19,
          15,
          15,
          null,
          19,
          19,
          19,
          null,
          null,
          1,
          19,
          null,
          19,
          null,
          null,
          null,
          null,
          null,
          null,
          null,
          1,
          null,
          18,
          null,
          null,
          null,
          null,
          null,
          null,
          1,
          87,
          87,
          87,
          4,
          null,
          83,
          83,
          null,
          null,
          null,
          1,
          6,
          4,
          4,
          4,
          null,
          null,
          null,
          1,
          7,
          7,
          7,
          80,
          null,
          21,
          null,
          21,
          null,
          21,
          null,
          17,
          null,
          80,
          17,
          null,
          63,
          null,
          null,
          7,
          null,
          null,
          1,
          3,
          3,
          null,
          3,
          null,
          null,
          null,
          null,
          null,
          1,
          3,
          3,
          null,
          3,
          null,
          null,
          null,
          null,
          null
        ]
      }
    },
    "timestamp": 1668457250
  }
}
