{
  "RSpec": {
    "coverage": {
      "/Users/ryancanton/Documents/Turing/1_mod/solo_projects/enigma/lib/enigma.rb": {
        "lines": [
          1,
          null,
          1,
          null,
          null,
          null,
          null,
          1,
          14,
          14,
          14,
          14,
          null,
          null,
          1,
          21,
          84,
          null,
          null,
          21,
          null,
          null,
          null,
          null,
          null,
          null,
          null,
          1,
          21,
          16,
          16,
          null,
          21,
          21,
          21,
          null,
          null,
          1,
          21,
          null,
          21,
          null,
          null,
          null,
          null,
          null,
          null,
          null,
          1,
          null,
          20,
          null,
          null,
          null,
          null,
          null,
          null,
          1,
          87,
          87,
          87,
          4,
          null,
          83,
          83,
          null,
          null,
          null,
          1,
          7,
          5,
          5,
          5,
          null,
          null,
          null,
          1,
          7,
          7,
          7,
          80,
          null,
          21,
          null,
          21,
          null,
          21,
          null,
          17,
          null,
          80,
          17,
          null,
          63,
          null,
          null,
          7,
          null,
          null,
          1,
          3,
          3,
          null,
          3,
          null,
          null,
          null,
          null,
          null,
          1,
          3,
          3,
          null,
          3,
          null,
          null,
          null,
          null,
          null
        ]
      }
    },
    "timestamp": 1668458069
  }
}
